Arguments: 
  /snap/node/5480/bin/node /snap/node/5480/bin/yarn.js global dir --json

PATH: 
  /home/dkm/bin:/usr/local/bin:/home/dkm/.cargo/bin:/home/dkm/.local/bin:/usr/local/sbin:/usr/local/bin:/usr/sbin:/usr/bin:/home/dkm/.config/composer/vendor/bin:/sbin:/bin:/usr/games:/usr/local/games:/snap/bin

Yarn version: 
  1.22.15

Node version: 
  12.22.7

Platform: 
  linux x64

Trace: 
  Error: EACCES: permission denied, write
      at writeSync (fs.js:679:3)
      at SyncWriteStream._write (internal/fs/sync_write_stream.js:24:3)
      at doWrite (_stream_writable.js:403:12)
      at writeOrBuffer (_stream_writable.js:387:5)
      at SyncWriteStream.Writable.write (_stream_writable.js:318:11)
      at JSONReporter._dump (/snap/node/5480/lib/cli.js:49952:12)
      at JSONReporter.log (/snap/node/5480/lib/cli.js:49980:10)
      at dir (/snap/node/5480/lib/cli.js:36299:14)
      at Object.<anonymous> (/snap/node/5480/lib/cli.js:25983:25)
      at Generator.next (<anonymous>)

npm manifest: 
  No manifest

yarn manifest: 
  No manifest

Lockfile: 
  No lockfile
